<?xml version="1.0" encoding="UTF-8"?>
<!-- Generated by org.testng.reporters.JUnitReportReporter -->
<testsuite skipped="0" hostname="NAVI-PC" name="Login.Login" tests="2" failures="0" timestamp="13 Feb 2019 12:20:09 GMT" time="10.963" errors="0">
  <testcase name="forgot" time="4.292" classname="Login.Login"/>
  <testcase name="check" time="6.671" classname="Login.Login"/>
</testsuite> <!-- Login.Login -->
